<?xml version="1.0" encoding="UTF-8"?>
<!-- Generated by org.testng.reporters.JUnitReportReporter -->
<testsuite hostname="cwallin-ThinkPad-X230" name="com.teradata.tempto.json_functions" tests="1" failures="0" timestamp="5 Feb 2016 16:25:31 GMT" time="1.361" errors="0">
  <testcase name="checkJsonFunctionsRegistered" time="1.361" classname="com.teradata.tempto.json_functions"/>
</testsuite> <!-- com.teradata.tempto.json_functions -->
