<?xml version="1.0" encoding="UTF-8"?>
<!-- Generated by org.testng.reporters.JUnitReportReporter -->
<testsuite hostname="cwallin-ThinkPad-X230" name="com.teradata.tempto.group_by" tests="1" failures="0" timestamp="5 Feb 2016 16:25:31 GMT" time="0.461" errors="0">
  <testcase name="runHavingWithoutGroupBy" time="0.461" classname="com.teradata.tempto.group_by"/>
</testsuite> <!-- com.teradata.tempto.group_by -->
