<?xml version="1.0" encoding="UTF-8"?>
<!-- Generated by org.testng.reporters.JUnitReportReporter -->
<testsuite hostname="cwallin-ThinkPad-X230" name="com.facebook.presto.tests.hive.TestTablePartitioningSelect" tests="4" failures="0" timestamp="5 Feb 2016 16:25:31 GMT" time="6.359" errors="0">
  <testcase name="testSelectPartitionedHiveTableDifferentFormats" time="1.334" classname="com.facebook.presto.tests.hive.TestTablePartitioningSelect"/>
  <testcase name="testSelectPartitionedHiveTableDifferentFormats" time="1.718" classname="com.facebook.presto.tests.hive.TestTablePartitioningSelect"/>
  <testcase name="testSelectPartitionedHiveTableDifferentFormats" time="1.358" classname="com.facebook.presto.tests.hive.TestTablePartitioningSelect"/>
  <testcase name="testSelectPartitionedHiveTableDifferentFormats" time="1.949" classname="com.facebook.presto.tests.hive.TestTablePartitioningSelect"/>
</testsuite> <!-- com.facebook.presto.tests.hive.TestTablePartitioningSelect -->
