<?xml version="1.0" encoding="UTF-8"?>
<!-- Generated by org.testng.reporters.JUnitReportReporter -->
<testsuite hostname="cwallin-ThinkPad-X230" name="com.teradata.tempto.system" tests="1" failures="0" timestamp="5 Feb 2016 16:25:31 GMT" time="0.337" errors="0">
  <testcase name="selectInformationSchemaSchemata" time="0.337" classname="com.teradata.tempto.system"/>
</testsuite> <!-- com.teradata.tempto.system -->
