<?xml version="1.0" encoding="UTF-8"?>
<!-- Generated by org.testng.reporters.JUnitReportReporter -->
<testsuite hostname="cwallin-ThinkPad-X230" name="com.teradata.tempto.decimal" tests="1" failures="0" timestamp="5 Feb 2016 16:25:31 GMT" time="0.320" errors="0">
  <testcase name="select_long_2" time="0.320" classname="com.teradata.tempto.decimal"/>
</testsuite> <!-- com.teradata.tempto.decimal -->
