<?xml version="1.0" encoding="UTF-8"?>
<!-- Generated by org.testng.reporters.JUnitReportReporter -->
<testsuite hostname="cwallin-ThinkPad-X230" name="com.teradata.tempto.postgresql" tests="1" failures="0" timestamp="5 Feb 2016 16:25:31 GMT" time="0.722" errors="0">
  <testcase name="show_schemas" time="0.722" classname="com.teradata.tempto.postgresql"/>
</testsuite> <!-- com.teradata.tempto.postgresql -->
