<?xml version="1.0" encoding="UTF-8"?>
<!-- Generated by org.testng.reporters.JUnitReportReporter -->
<testsuite hostname="cwallin-ThinkPad-X230" name="com.facebook.presto.tests.jdbc.JdbcTests" tests="9" failures="0" timestamp="5 Feb 2016 16:25:31 GMT" time="14.002" errors="0">
  <testcase name="shouldExecuteQuery" time="6.221" classname="com.facebook.presto.tests.jdbc.JdbcTests"/>
  <testcase name="shouldGetSchemas" time="0.617" classname="com.facebook.presto.tests.jdbc.JdbcTests"/>
  <testcase name="shouldExecuteQueryWithSelectedCatalogAndSchema" time="1.068" classname="com.facebook.presto.tests.jdbc.JdbcTests"/>
  <testcase name="shouldGetTables" time="0.836" classname="com.facebook.presto.tests.jdbc.JdbcTests"/>
  <testcase name="shouldSetTimezone" time="0.447" classname="com.facebook.presto.tests.jdbc.JdbcTests"/>
  <testcase name="shouldInsertSelectQuery" time="2.362" classname="com.facebook.presto.tests.jdbc.JdbcTests"/>
  <testcase name="shouldGetColumns" time="1.183" classname="com.facebook.presto.tests.jdbc.JdbcTests"/>
  <testcase name="shouldGetTableTypes" time="0.506" classname="com.facebook.presto.tests.jdbc.JdbcTests"/>
  <testcase name="shouldSetLocale" time="0.762" classname="com.facebook.presto.tests.jdbc.JdbcTests"/>
</testsuite> <!-- com.facebook.presto.tests.jdbc.JdbcTests -->
