<?xml version="1.0" encoding="UTF-8"?>
<!-- Generated by org.testng.reporters.JUnitReportReporter -->
<testsuite hostname="cwallin-ThinkPad-X230" name="com.facebook.presto.tests.cli.PrestoCliTests" tests="5" failures="0" timestamp="5 Feb 2016 16:25:31 GMT" time="8.789" errors="0">
  <testcase name="shouldRunQueryFromFile" time="1.994" classname="com.facebook.presto.tests.cli.PrestoCliTests"/>
  <testcase name="shouldUseCatalogAndSchemaOptions" time="1.898" classname="com.facebook.presto.tests.cli.PrestoCliTests"/>
  <testcase name="shouldDisplayVersion" time="0.811" classname="com.facebook.presto.tests.cli.PrestoCliTests"/>
  <testcase name="shouldRunBatchQuery" time="1.867" classname="com.facebook.presto.tests.cli.PrestoCliTests"/>
  <testcase name="shouldRunQuery" time="2.219" classname="com.facebook.presto.tests.cli.PrestoCliTests"/>
</testsuite> <!-- com.facebook.presto.tests.cli.PrestoCliTests -->
