<?xml version="1.0" encoding="UTF-8"?>
<!-- Generated by org.testng.reporters.JUnitReportReporter -->
<testsuite hostname="cwallin-ThinkPad-X230" name="com.facebook.presto.tests.SimpleQueryTest" tests="2" failures="0" timestamp="5 Feb 2016 16:25:31 GMT" time="1.769" errors="0">
  <testcase name="selectAllFromNation" time="0.747" classname="com.facebook.presto.tests.SimpleQueryTest"/>
  <testcase name="selectCountFromNation" time="1.022" classname="com.facebook.presto.tests.SimpleQueryTest"/>
</testsuite> <!-- com.facebook.presto.tests.SimpleQueryTest -->
