<?xml version="1.0" encoding="UTF-8"?>
<!-- Generated by org.testng.reporters.JUnitReportReporter -->
<testsuite hostname="cwallin-ThinkPad-X230" name="com.teradata.tempto.regex_functions" tests="1" failures="0" timestamp="5 Feb 2016 16:25:31 GMT" time="1.102" errors="0">
  <testcase name="checkRegexFunctionsRegistered" time="1.102" classname="com.teradata.tempto.regex_functions"/>
</testsuite> <!-- com.teradata.tempto.regex_functions -->
