<?xml version="1.0" encoding="UTF-8"?>
<!-- Generated by org.testng.reporters.JUnitReportReporter -->
<testsuite hostname="cwallin-ThinkPad-X230" name="com.teradata.tempto.array_functions" tests="1" failures="0" timestamp="5 Feb 2016 16:25:31 GMT" time="2.127" errors="0">
  <testcase name="checkArrayFunctionsRegistered" time="2.127" classname="com.teradata.tempto.array_functions"/>
</testsuite> <!-- com.teradata.tempto.array_functions -->
