<?xml version="1.0" encoding="UTF-8"?>
<!-- Generated by org.testng.reporters.JUnitReportReporter -->
<testsuite hostname="cwallin-ThinkPad-X230" name="com.teradata.tempto.with_clause" tests="1" failures="0" timestamp="5 Feb 2016 16:25:31 GMT" time="0.580" errors="0">
  <testcase name="multipleWithExprsReferencedFromParent" time="0.580" classname="com.teradata.tempto.with_clause"/>
</testsuite> <!-- com.teradata.tempto.with_clause -->
