<?xml version="1.0" encoding="UTF-8"?>
<!-- Generated by org.testng.reporters.JUnitReportReporter -->
<testsuite hostname="cwallin-ThinkPad-X230" name="com.teradata.tempto.insert" tests="1" failures="1" timestamp="5 Feb 2016 16:25:31 GMT" time="0.966" errors="0">
  <testcase name="insert_select_star_union_all" time="0.966" classname="com.teradata.tempto.insert">
    <failure type="java.lang.AssertionError" message="Could not find rows:
[12, 12.25, String1, 1999-01-08, 1999-01-08 02:05:06.0, true]
[25, 55.52, test, 1952-01-05, 1989-01-08 04:05:06.0, false]
[964, 0.245, Again, 1936-02-08, 2005-01-09 04:05:06.0, false]
[100, 12.25, testing, 1949-07-08, 2002-01-07 01:05:06.0, true]
[100, 99.8777, AGAIN, 1987-04-09, 2010-01-02 04:03:06.0, true]
[5252, 12.25, sample, 1987-04-09, 2010-01-02 04:03:06.0, true]
[100, 9.8777, STRING1, 1923-04-08, 2010-01-02 05:09:06.0, true]
[8996, 98.8777, again, 1987-04-09, 2010-01-02 04:03:06.0, false]
[100, 12.8788, string1, 1922-04-02, 2010-01-02 02:05:06.0, true]
[5748, 67.87, sample, 1987-04-06, 2010-01-02 04:03:06.0, true]
[5748, 67.87, Sample, 1987-04-06, 2010-01-02 04:03:06.0, true]
[5748, 67.87, sample, 1987-04-06, 2010-01-02 04:03:06.0, true]
[5748, 67.87, sample, 1987-04-06, 2010-01-02 04:03:06.0, true]
[5000, 67.87, testing, null, 2010-01-02 04:03:06.0, null]
[12, 12.25, String1, 1999-01-08, 1999-01-08 02:05:06.0, true]
[25, 55.52, test, 1952-01-05, 1989-01-08 04:05:06.0, false]
[964, 0.245, Again, 1936-02-08, 2005-01-09 04:05:06.0, false]
[100, 12.25, testing, 1949-07-08, 2002-01-07 01:05:06.0, true]
[100, 99.8777, AGAIN, 1987-04-09, 2010-01-02 04:03:06.0, true]
[5252, 12.25, sample, 1987-04-09, 2010-01-02 04:03:06.0, true]
[100, 9.8777, STRING1, 1923-04-08, 2010-01-02 05:09:06.0, true]
[8996, 98.8777, again, 1987-04-09, 2010-01-02 04:03:06.0, false]
[100, 12.8788, string1, 1922-04-02, 2010-01-02 02:05:06.0, true]
[5748, 67.87, sample, 1987-04-06, 2010-01-02 04:03:06.0, true]
[5748, 67.87, Sample, 1987-04-06, 2010-01-02 04:03:06.0, true]
[5748, 67.87, sample, 1987-04-06, 2010-01-02 04:03:06.0, true]
[5748, 67.87, sample, 1987-04-06, 2010-01-02 04:03:06.0, true]
[5000, 67.87, testing, null, 2010-01-02 04:03:06.0, null]

actual rows:
[12, 12.25, String1, 1999-01-08, 1999-01-08 07:05:06.0, true]
[25, 55.52, test, 1952-01-05, 1989-01-08 09:05:06.0, false]
[964, 0.245, Again, 1936-02-08, 2005-01-09 09:05:06.0, false]
[100, 12.25, testing, 1949-07-08, 2002-01-07 06:05:06.0, true]
[100, 99.8777, AGAIN, 1987-04-09, 2010-01-02 09:03:06.0, true]
[5252, 12.25, sample, 1987-04-09, 2010-01-02 09:03:06.0, true]
[100, 9.8777, STRING1, 1923-04-08, 2010-01-02 10:09:06.0, true]
[8996, 98.8777, again, 1987-04-09, 2010-01-02 09:03:06.0, false]
[100, 12.8788, string1, 1922-04-02, 2010-01-02 07:05:06.0, true]
[5748, 67.87, sample, 1987-04-06, 2010-01-02 09:03:06.0, true]
[5748, 67.87, Sample, 1987-04-06, 2010-01-02 09:03:06.0, true]
[5748, 67.87, sample, 1987-04-06, 2010-01-02 09:03:06.0, true]
[5748, 67.87, sample, 1987-04-06, 2010-01-02 09:03:06.0, true]
[5000, 67.87, testing, null, 2010-01-02 09:03:06.0, null]
[6000, null, null, 1987-04-06, null, true]
[null, 98.52, null, null, null, true]
[12, 12.25, String1, 1999-01-08, 1999-01-08 07:05:06.0, true]
[25, 55.52, test, 1952-01-05, 1989-01-08 09:05:06.0, false]
[964, 0.245, Again, 1936-02-08, 2005-01-09 09:05:06.0, false]
[100, 12.25, testing, 1949-07-08, 2002-01-07 06:05:06.0, true]
[100, 99.8777, AGAIN, 1987-04-09, 2010-01-02 09:03:06.0, true]
[5252, 12.25, sample, 1987-04-09, 2010-01-02 09:03:06.0, true]
[100, 9.8777, STRING1, 1923-04-08, 2010-01-02 10:09:06.0, true]
[8996, 98.8777, again, 1987-04-09, 2010-01-02 09:03:06.0, false]
[100, 12.8788, string1, 1922-04-02, 2010-01-02 07:05:06.0, true]
[5748, 67.87, sample, 1987-04-06, 2010-01-02 09:03:06.0, true]
[5748, 67.87, Sample, 1987-04-06, 2010-01-02 09:03:06.0, true]
[5748, 67.87, sample, 1987-04-06, 2010-01-02 09:03:06.0, true]
[5748, 67.87, sample, 1987-04-06, 2010-01-02 09:03:06.0, true]
[5000, 67.87, testing, null, 2010-01-02 09:03:06.0, null]
[6000, null, null, 1987-04-06, null, true]
[null, 98.52, null, null, null, true]">
      <![CDATA[java.lang.AssertionError: Could not find rows:
[12, 12.25, String1, 1999-01-08, 1999-01-08 02:05:06.0, true]
[25, 55.52, test, 1952-01-05, 1989-01-08 04:05:06.0, false]
[964, 0.245, Again, 1936-02-08, 2005-01-09 04:05:06.0, false]
[100, 12.25, testing, 1949-07-08, 2002-01-07 01:05:06.0, true]
[100, 99.8777, AGAIN, 1987-04-09, 2010-01-02 04:03:06.0, true]
[5252, 12.25, sample, 1987-04-09, 2010-01-02 04:03:06.0, true]
[100, 9.8777, STRING1, 1923-04-08, 2010-01-02 05:09:06.0, true]
[8996, 98.8777, again, 1987-04-09, 2010-01-02 04:03:06.0, false]
[100, 12.8788, string1, 1922-04-02, 2010-01-02 02:05:06.0, true]
[5748, 67.87, sample, 1987-04-06, 2010-01-02 04:03:06.0, true]
[5748, 67.87, Sample, 1987-04-06, 2010-01-02 04:03:06.0, true]
[5748, 67.87, sample, 1987-04-06, 2010-01-02 04:03:06.0, true]
[5748, 67.87, sample, 1987-04-06, 2010-01-02 04:03:06.0, true]
[5000, 67.87, testing, null, 2010-01-02 04:03:06.0, null]
[12, 12.25, String1, 1999-01-08, 1999-01-08 02:05:06.0, true]
[25, 55.52, test, 1952-01-05, 1989-01-08 04:05:06.0, false]
[964, 0.245, Again, 1936-02-08, 2005-01-09 04:05:06.0, false]
[100, 12.25, testing, 1949-07-08, 2002-01-07 01:05:06.0, true]
[100, 99.8777, AGAIN, 1987-04-09, 2010-01-02 04:03:06.0, true]
[5252, 12.25, sample, 1987-04-09, 2010-01-02 04:03:06.0, true]
[100, 9.8777, STRING1, 1923-04-08, 2010-01-02 05:09:06.0, true]
[8996, 98.8777, again, 1987-04-09, 2010-01-02 04:03:06.0, false]
[100, 12.8788, string1, 1922-04-02, 2010-01-02 02:05:06.0, true]
[5748, 67.87, sample, 1987-04-06, 2010-01-02 04:03:06.0, true]
[5748, 67.87, Sample, 1987-04-06, 2010-01-02 04:03:06.0, true]
[5748, 67.87, sample, 1987-04-06, 2010-01-02 04:03:06.0, true]
[5748, 67.87, sample, 1987-04-06, 2010-01-02 04:03:06.0, true]
[5000, 67.87, testing, null, 2010-01-02 04:03:06.0, null]

actual rows:
[12, 12.25, String1, 1999-01-08, 1999-01-08 07:05:06.0, true]
[25, 55.52, test, 1952-01-05, 1989-01-08 09:05:06.0, false]
[964, 0.245, Again, 1936-02-08, 2005-01-09 09:05:06.0, false]
[100, 12.25, testing, 1949-07-08, 2002-01-07 06:05:06.0, true]
[100, 99.8777, AGAIN, 1987-04-09, 2010-01-02 09:03:06.0, true]
[5252, 12.25, sample, 1987-04-09, 2010-01-02 09:03:06.0, true]
[100, 9.8777, STRING1, 1923-04-08, 2010-01-02 10:09:06.0, true]
[8996, 98.8777, again, 1987-04-09, 2010-01-02 09:03:06.0, false]
[100, 12.8788, string1, 1922-04-02, 2010-01-02 07:05:06.0, true]
[5748, 67.87, sample, 1987-04-06, 2010-01-02 09:03:06.0, true]
[5748, 67.87, Sample, 1987-04-06, 2010-01-02 09:03:06.0, true]
[5748, 67.87, sample, 1987-04-06, 2010-01-02 09:03:06.0, true]
[5748, 67.87, sample, 1987-04-06, 2010-01-02 09:03:06.0, true]
[5000, 67.87, testing, null, 2010-01-02 09:03:06.0, null]
[6000, null, null, 1987-04-06, null, true]
[null, 98.52, null, null, null, true]
[12, 12.25, String1, 1999-01-08, 1999-01-08 07:05:06.0, true]
[25, 55.52, test, 1952-01-05, 1989-01-08 09:05:06.0, false]
[964, 0.245, Again, 1936-02-08, 2005-01-09 09:05:06.0, false]
[100, 12.25, testing, 1949-07-08, 2002-01-07 06:05:06.0, true]
[100, 99.8777, AGAIN, 1987-04-09, 2010-01-02 09:03:06.0, true]
[5252, 12.25, sample, 1987-04-09, 2010-01-02 09:03:06.0, true]
[100, 9.8777, STRING1, 1923-04-08, 2010-01-02 10:09:06.0, true]
[8996, 98.8777, again, 1987-04-09, 2010-01-02 09:03:06.0, false]
[100, 12.8788, string1, 1922-04-02, 2010-01-02 07:05:06.0, true]
[5748, 67.87, sample, 1987-04-06, 2010-01-02 09:03:06.0, true]
[5748, 67.87, Sample, 1987-04-06, 2010-01-02 09:03:06.0, true]
[5748, 67.87, sample, 1987-04-06, 2010-01-02 09:03:06.0, true]
[5748, 67.87, sample, 1987-04-06, 2010-01-02 09:03:06.0, true]
[5000, 67.87, testing, null, 2010-01-02 09:03:06.0, null]
[6000, null, null, 1987-04-06, null, true]
[null, 98.52, null, null, null, true]
	at org.assertj.core.api.AbstractAssert.failWithMessage(AbstractAssert.java:114)
	at com.teradata.tempto.assertions.QueryAssert.contains(QueryAssert.java:173)
	at com.teradata.tempto.assertions.QueryAssert.matches(QueryAssert.java:94)
	at com.teradata.tempto.internal.convention.sql.SqlQueryConventionBasedTest.test(SqlQueryConventionBasedTest.java:96)
	at com.teradata.tempto.internal.convention.ConventionBasedTestProxyGenerator$ConventionBasedTestProxy.test(ConventionBasedTestProxyGenerator.java:120)
	at com.teradata.tempto.insert.insert_select_star_union_all(Unknown Source)
	at sun.reflect.NativeMethodAccessorImpl.invoke0(Native Method)
	at sun.reflect.NativeMethodAccessorImpl.invoke(NativeMethodAccessorImpl.java:62)
	at sun.reflect.DelegatingMethodAccessorImpl.invoke(DelegatingMethodAccessorImpl.java:43)
	at java.lang.reflect.Method.invoke(Method.java:483)
	at org.testng.internal.MethodInvocationHelper.invokeMethod(MethodInvocationHelper.java:85)
	at org.testng.internal.Invoker.invokeMethod(Invoker.java:639)
	at org.testng.internal.Invoker.invokeTestMethod(Invoker.java:821)
	at org.testng.internal.Invoker.invokeTestMethods(Invoker.java:1131)
	at org.testng.internal.TestMethodWorker.invokeTestMethods(TestMethodWorker.java:124)
	at org.testng.internal.TestMethodWorker.run(TestMethodWorker.java:108)
	at org.testng.TestRunner.privateRun(TestRunner.java:773)
	at org.testng.TestRunner.run(TestRunner.java:623)
	at org.testng.SuiteRunner.runTest(SuiteRunner.java:357)
	at org.testng.SuiteRunner.runSequentially(SuiteRunner.java:352)
	at org.testng.SuiteRunner.privateRun(SuiteRunner.java:310)
	at org.testng.SuiteRunner.run(SuiteRunner.java:259)
	at org.testng.SuiteRunnerWorker.runSuite(SuiteRunnerWorker.java:52)
	at org.testng.SuiteRunnerWorker.run(SuiteRunnerWorker.java:86)
	at org.testng.TestNG.runSuitesSequentially(TestNG.java:1185)
	at org.testng.TestNG.runSuitesLocally(TestNG.java:1110)
	at org.testng.TestNG.run(TestNG.java:1018)
	at com.teradata.tempto.runner.TemptoRunner.run(TemptoRunner.java:82)
	at com.teradata.tempto.runner.TemptoRunner.runTempto(TemptoRunner.java:59)
	at com.teradata.tempto.runner.TemptoRunner.runTempto(TemptoRunner.java:47)
	at com.facebook.presto.tests.TemptoProductTestRunner.main(TemptoProductTestRunner.java:29)
]]>
    </failure>
  </testcase> <!-- insert_select_star_union_all -->
</testsuite> <!-- com.teradata.tempto.insert -->
