<?xml version="1.0" encoding="UTF-8"?>
<!-- Generated by org.testng.reporters.JUnitReportReporter -->
<testsuite hostname="cwallin-ThinkPad-X230" name="com.facebook.presto.tests.CreateTableTests" tests="2" failures="0" timestamp="5 Feb 2016 16:25:31 GMT" time="1.291" errors="0">
  <testcase name="shouldCreateTableAsSelect" time="0.681" classname="com.facebook.presto.tests.CreateTableTests"/>
  <testcase name="shouldCreateTableAsEmptySelect" time="0.610" classname="com.facebook.presto.tests.CreateTableTests"/>
</testsuite> <!-- com.facebook.presto.tests.CreateTableTests -->
