<?xml version="1.0" encoding="UTF-8"?>
<!-- Generated by org.testng.reporters.JUnitReportReporter -->
<testsuite hostname="cwallin-ThinkPad-X230" name="com.teradata.tempto.orc" tests="1" failures="0" timestamp="5 Feb 2016 16:25:31 GMT" time="0.463" errors="0">
  <testcase name="select_char_orc_dictionary" time="0.463" classname="com.teradata.tempto.orc"/>
</testsuite> <!-- com.teradata.tempto.orc -->
