<?xml version="1.0" encoding="UTF-8"?>
<!-- Generated by org.testng.reporters.JUnitReportReporter -->
<testsuite hostname="cwallin-ThinkPad-X230" name="com.facebook.presto.tests.CreateDropViewTests" tests="5" failures="0" timestamp="5 Feb 2016 16:25:31 GMT" time="4.414" errors="0">
  <testcase name="createOrReplaceSimpleView" time="0.944" classname="com.facebook.presto.tests.CreateDropViewTests"/>
  <testcase name="createSimpleView" time="0.779" classname="com.facebook.presto.tests.CreateDropViewTests"/>
  <testcase name="createViewWithAggregate" time="0.840" classname="com.facebook.presto.tests.CreateDropViewTests"/>
  <testcase name="createSimpleViewTwiceShouldFail" time="1.081" classname="com.facebook.presto.tests.CreateDropViewTests"/>
  <testcase name="dropViewTest" time="0.770" classname="com.facebook.presto.tests.CreateDropViewTests"/>
</testsuite> <!-- com.facebook.presto.tests.CreateDropViewTests -->
