<?xml version="1.0" encoding="UTF-8"?>
<!-- Generated by org.testng.reporters.JUnitReportReporter -->
<testsuite hostname="cwallin-ThinkPad-X230" name="com.teradata.tempto.hive_tpch" tests="1" failures="0" timestamp="5 Feb 2016 16:25:31 GMT" time="43.185" errors="0">
  <testcase name="q8" time="43.185" classname="com.teradata.tempto.hive_tpch"/>
</testsuite> <!-- com.teradata.tempto.hive_tpch -->
