<?xml version="1.0" encoding="UTF-8"?>
<!-- Generated by org.testng.reporters.JUnitReportReporter -->
<testsuite hostname="cwallin-ThinkPad-X230" name="com.facebook.presto.tests.nullconnector.NullConnector" tests="1" failures="0" timestamp="5 Feb 2016 16:25:31 GMT" time="0.522" errors="0">
  <testcase name="nullConnector" time="0.522" classname="com.facebook.presto.tests.nullconnector.NullConnector"/>
</testsuite> <!-- com.facebook.presto.tests.nullconnector.NullConnector -->
