<?xml version="1.0" encoding="UTF-8"?>
<!-- Generated by org.testng.reporters.JUnitReportReporter -->
<testsuite hostname="cwallin-ThinkPad-X230" name="com.teradata.tempto.conditional_expressions" tests="1" failures="0" timestamp="5 Feb 2016 16:25:31 GMT" time="0.322" errors="0">
  <testcase name="simple_case" time="0.322" classname="com.teradata.tempto.conditional_expressions"/>
</testsuite> <!-- com.teradata.tempto.conditional_expressions -->
