<?xml version="1.0" encoding="UTF-8"?>
<!-- Generated by org.testng.reporters.JUnitReportReporter -->
<testsuite hostname="cwallin-ThinkPad-X230" name="com.facebook.presto.tests.functions.JsonFunctionsTests" tests="6" failures="0" timestamp="5 Feb 2016 16:25:31 GMT" time="1.994" errors="0">
  <testcase name="testJsonArrayContainsExist" time="0.327" classname="com.facebook.presto.tests.functions.JsonFunctionsTests"/>
  <testcase name="testJsonSizeExist" time="0.355" classname="com.facebook.presto.tests.functions.JsonFunctionsTests"/>
  <testcase name="testJsonArrayLengthExist" time="0.346" classname="com.facebook.presto.tests.functions.JsonFunctionsTests"/>
  <testcase name="testJsonArrayGetExist" time="0.287" classname="com.facebook.presto.tests.functions.JsonFunctionsTests"/>
  <testcase name="testJsonExtractExist" time="0.360" classname="com.facebook.presto.tests.functions.JsonFunctionsTests"/>
  <testcase name="testJsonExtractScalarExist" time="0.319" classname="com.facebook.presto.tests.functions.JsonFunctionsTests"/>
</testsuite> <!-- com.facebook.presto.tests.functions.JsonFunctionsTests -->
