<?xml version="1.0" encoding="UTF-8"?>
<!-- Generated by org.testng.reporters.JUnitReportReporter -->
<testsuite hostname="cwallin-ThinkPad-X230" name="com.facebook.presto.tests.hive.TestTablePartitioningInsertInto" tests="1" failures="0" timestamp="5 Feb 2016 16:25:31 GMT" time="7.524" errors="0">
  <testcase name="selectFromPartitionedNation" time="7.524" classname="com.facebook.presto.tests.hive.TestTablePartitioningInsertInto"/>
</testsuite> <!-- com.facebook.presto.tests.hive.TestTablePartitioningInsertInto -->
