<?xml version="1.0" encoding="UTF-8"?>
<!-- Generated by org.testng.reporters.JUnitReportReporter -->
<testsuite hostname="cwallin-ThinkPad-X230" name="com.teradata.tempto.order_by" tests="1" failures="0" timestamp="5 Feb 2016 16:25:31 GMT" time="0.442" errors="0">
  <testcase name="orderByNonProjectedExpression" time="0.442" classname="com.teradata.tempto.order_by"/>
</testsuite> <!-- com.teradata.tempto.order_by -->
