<?xml version="1.0" encoding="UTF-8"?>
<!-- Generated by org.testng.reporters.JUnitReportReporter -->
<testsuite hostname="cwallin-ThinkPad-X230" name="com.facebook.presto.tests.functions.UrlFunctionsTests" tests="7" failures="0" timestamp="5 Feb 2016 16:25:31 GMT" time="2.271" errors="0">
  <testcase name="testUrlExtractProtocolExist" time="0.329" classname="com.facebook.presto.tests.functions.UrlFunctionsTests"/>
  <testcase name="testUrlExtractPortExist" time="0.318" classname="com.facebook.presto.tests.functions.UrlFunctionsTests"/>
  <testcase name="testUrlExtractQueryExist" time="0.299" classname="com.facebook.presto.tests.functions.UrlFunctionsTests"/>
  <testcase name="testUrlExtractPathExist" time="0.311" classname="com.facebook.presto.tests.functions.UrlFunctionsTests"/>
  <testcase name="testUrlExtractFragmentExist" time="0.333" classname="com.facebook.presto.tests.functions.UrlFunctionsTests"/>
  <testcase name="testUrlExtractHostExist" time="0.384" classname="com.facebook.presto.tests.functions.UrlFunctionsTests"/>
  <testcase name="testUrlExtractParameterExist" time="0.297" classname="com.facebook.presto.tests.functions.UrlFunctionsTests"/>
</testsuite> <!-- com.facebook.presto.tests.functions.UrlFunctionsTests -->
