<?xml version="1.0" encoding="UTF-8"?>
<!-- Generated by org.testng.reporters.JUnitReportReporter -->
<testsuite hostname="cwallin-ThinkPad-X230" name="com.facebook.presto.tests.ProductTestFunctions" tests="2" failures="0" timestamp="5 Feb 2016 16:25:31 GMT" time="0.805" errors="0">
  <testcase name="testSubstring" time="0.429" classname="com.facebook.presto.tests.ProductTestFunctions"/>
  <testcase name="testPosition" time="0.376" classname="com.facebook.presto.tests.ProductTestFunctions"/>
</testsuite> <!-- com.facebook.presto.tests.ProductTestFunctions -->
