<?xml version="1.0" encoding="UTF-8"?>
<!-- Generated by org.testng.reporters.JUnitReportReporter -->
<testsuite hostname="cwallin-ThinkPad-X230" name="com.facebook.presto.tests.AlterTableTests" tests="1" failures="0" timestamp="5 Feb 2016 16:25:31 GMT" time="4.385" errors="0">
  <testcase name="renameTable" time="4.385" classname="com.facebook.presto.tests.AlterTableTests"/>
</testsuite> <!-- com.facebook.presto.tests.AlterTableTests -->
