<?xml version="1.0" encoding="UTF-8"?>
<!-- Generated by org.testng.reporters.JUnitReportReporter -->
<testsuite hostname="cwallin-ThinkPad-X230" name="com.facebook.presto.tests.querygrid.ProductTestTeradataFunctions" tests="5" failures="0" timestamp="5 Feb 2016 16:25:31 GMT" time="1.783" errors="0">
  <testcase name="testChar2HexInt" time="0.313" classname="com.facebook.presto.tests.querygrid.ProductTestTeradataFunctions"/>
  <testcase name="testToDate" time="0.402" classname="com.facebook.presto.tests.querygrid.ProductTestTeradataFunctions"/>
  <testcase name="testToChar" time="0.357" classname="com.facebook.presto.tests.querygrid.ProductTestTeradataFunctions"/>
  <testcase name="testToTimestamp" time="0.379" classname="com.facebook.presto.tests.querygrid.ProductTestTeradataFunctions"/>
  <testcase name="testIndex" time="0.332" classname="com.facebook.presto.tests.querygrid.ProductTestTeradataFunctions"/>
</testsuite> <!-- com.facebook.presto.tests.querygrid.ProductTestTeradataFunctions -->
