<?xml version="1.0" encoding="UTF-8"?>
<!-- Generated by org.testng.reporters.JUnitReportReporter -->
<testsuite hostname="cwallin-ThinkPad-X230" name="com.teradata.tempto.join" tests="1" failures="0" timestamp="5 Feb 2016 16:25:31 GMT" time="0.657" errors="0">
  <testcase name="explicit_inner_join_select_count" time="0.657" classname="com.teradata.tempto.join"/>
</testsuite> <!-- com.teradata.tempto.join -->
