<?xml version="1.0" encoding="UTF-8"?>
<!-- Generated by org.testng.reporters.JUnitReportReporter -->
<testsuite hostname="cwallin-ThinkPad-X230" name="com.teradata.tempto.mysql" tests="1" failures="0" timestamp="5 Feb 2016 16:25:31 GMT" time="0.300" errors="1">
  <testcase name="join_mysql_to_tpch" time="0.300" classname="com.teradata.tempto.mysql">
    <error type="com.teradata.tempto.query.QueryExecutionException" message="java.sql.SQLException: Query failed (#20160205_162423_00252_z6wzm): line 1:36: Catalog mysql does not exist">
      <![CDATA[com.teradata.tempto.query.QueryExecutionException: java.sql.SQLException: Query failed (#20160205_162423_00252_z6wzm): line 1:36: Catalog mysql does not exist
	at com.teradata.tempto.query.JdbcQueryExecutor.execute(JdbcQueryExecutor.java:116)
	at com.teradata.tempto.query.JdbcQueryExecutor.executeQuery(JdbcQueryExecutor.java:86)
	at com.teradata.tempto.internal.convention.sql.SqlQueryConventionBasedTest.runTestQuery(SqlQueryConventionBasedTest.java:117)
	at com.teradata.tempto.internal.convention.sql.SqlQueryConventionBasedTest.test(SqlQueryConventionBasedTest.java:95)
	at com.teradata.tempto.internal.convention.ConventionBasedTestProxyGenerator$ConventionBasedTestProxy.test(ConventionBasedTestProxyGenerator.java:120)
	at com.teradata.tempto.mysql.join_mysql_to_tpch(Unknown Source)
	at sun.reflect.NativeMethodAccessorImpl.invoke0(Native Method)
	at sun.reflect.NativeMethodAccessorImpl.invoke(NativeMethodAccessorImpl.java:62)
	at sun.reflect.DelegatingMethodAccessorImpl.invoke(DelegatingMethodAccessorImpl.java:43)
	at java.lang.reflect.Method.invoke(Method.java:483)
	at org.testng.internal.MethodInvocationHelper.invokeMethod(MethodInvocationHelper.java:85)
	at org.testng.internal.Invoker.invokeMethod(Invoker.java:639)
	at org.testng.internal.Invoker.invokeTestMethod(Invoker.java:821)
	at org.testng.internal.Invoker.invokeTestMethods(Invoker.java:1131)
	at org.testng.internal.TestMethodWorker.invokeTestMethods(TestMethodWorker.java:124)
	at org.testng.internal.TestMethodWorker.run(TestMethodWorker.java:108)
	at org.testng.TestRunner.privateRun(TestRunner.java:773)
	at org.testng.TestRunner.run(TestRunner.java:623)
	at org.testng.SuiteRunner.runTest(SuiteRunner.java:357)
	at org.testng.SuiteRunner.runSequentially(SuiteRunner.java:352)
	at org.testng.SuiteRunner.privateRun(SuiteRunner.java:310)
	at org.testng.SuiteRunner.run(SuiteRunner.java:259)
	at org.testng.SuiteRunnerWorker.runSuite(SuiteRunnerWorker.java:52)
	at org.testng.SuiteRunnerWorker.run(SuiteRunnerWorker.java:86)
	at org.testng.TestNG.runSuitesSequentially(TestNG.java:1185)
	at org.testng.TestNG.runSuitesLocally(TestNG.java:1110)
	at org.testng.TestNG.run(TestNG.java:1018)
	at com.teradata.tempto.runner.TemptoRunner.run(TemptoRunner.java:82)
	at com.teradata.tempto.runner.TemptoRunner.runTempto(TemptoRunner.java:59)
	at com.teradata.tempto.runner.TemptoRunner.runTempto(TemptoRunner.java:47)
	at com.facebook.presto.tests.TemptoProductTestRunner.main(TemptoProductTestRunner.java:29)
Caused by: java.sql.SQLException: Query failed (#20160205_162423_00252_z6wzm): line 1:36: Catalog mysql does not exist
	at com.facebook.presto.jdbc.PrestoResultSet.resultsException(PrestoResultSet.java:1815)
	at com.facebook.presto.jdbc.PrestoResultSet.getColumns(PrestoResultSet.java:1768)
	at com.facebook.presto.jdbc.PrestoResultSet.<init>(PrestoResultSet.java:139)
	at com.facebook.presto.jdbc.PrestoStatement.execute(PrestoStatement.java:178)
	at com.facebook.presto.jdbc.PrestoStatement.executeQuery(PrestoStatement.java:54)
	at com.teradata.tempto.query.JdbcQueryExecutor.executeQueryNoParams(JdbcQueryExecutor.java:125)
	at com.teradata.tempto.query.JdbcQueryExecutor.execute(JdbcQueryExecutor.java:109)
	... 30 more
Caused by: com.facebook.presto.sql.analyzer.SemanticException: line 1:36: Catalog mysql does not exist
	at com.facebook.presto.sql.analyzer.StatementAnalyzer.visitTable(StatementAnalyzer.java:854)
	at com.facebook.presto.sql.analyzer.StatementAnalyzer.visitTable(StatementAnalyzer.java:213)
	at com.facebook.presto.sql.tree.Table.accept(Table.java:49)
	at com.facebook.presto.sql.tree.AstVisitor.process(AstVisitor.java:22)
	at com.facebook.presto.sql.analyzer.StatementAnalyzer.visitAliasedRelation(StatementAnalyzer.java:891)
	at com.facebook.presto.sql.analyzer.StatementAnalyzer.visitAliasedRelation(StatementAnalyzer.java:213)
	at com.facebook.presto.sql.tree.AliasedRelation.accept(AliasedRelation.java:68)
	at com.facebook.presto.sql.tree.AstVisitor.process(AstVisitor.java:22)
	at com.facebook.presto.sql.analyzer.StatementAnalyzer.visitJoin(StatementAnalyzer.java:1066)
	at com.facebook.presto.sql.analyzer.StatementAnalyzer.visitJoin(StatementAnalyzer.java:213)
	at com.facebook.presto.sql.tree.Join.accept(Join.java:86)
	at com.facebook.presto.sql.tree.AstVisitor.process(AstVisitor.java:22)
	at com.facebook.presto.sql.analyzer.StatementAnalyzer.analyzeFrom(StatementAnalyzer.java:1641)
	at com.facebook.presto.sql.analyzer.StatementAnalyzer.visitQuerySpecification(StatementAnalyzer.java:969)
	at com.facebook.presto.sql.analyzer.StatementAnalyzer.visitQuerySpecification(StatementAnalyzer.java:213)
	at com.facebook.presto.sql.tree.QuerySpecification.accept(QuerySpecification.java:125)
	at com.facebook.presto.sql.tree.AstVisitor.process(AstVisitor.java:22)
	at com.facebook.presto.sql.analyzer.StatementAnalyzer.visitQuery(StatementAnalyzer.java:769)
	at com.facebook.presto.sql.analyzer.StatementAnalyzer.visitQuery(StatementAnalyzer.java:213)
	at com.facebook.presto.sql.tree.Query.accept(Query.java:103)
	at com.facebook.presto.sql.tree.AstVisitor.process(AstVisitor.java:22)
	at com.facebook.presto.sql.analyzer.Analyzer.analyze(Analyzer.java:60)
	at com.facebook.presto.execution.SqlQueryExecution.doAnalyzeQuery(SqlQueryExecution.java:259)
	at com.facebook.presto.execution.SqlQueryExecution.analyzeQuery(SqlQueryExecution.java:245)
	at com.facebook.presto.execution.SqlQueryExecution.start(SqlQueryExecution.java:209)
	at com.facebook.presto.execution.QueuedExecution.lambda$start$220(QueuedExecution.java:68)
	at com.facebook.presto.execution.QueuedExecution$$Lambda$297/428758008.run(Unknown Source)
	at java.util.concurrent.ThreadPoolExecutor.runWorker(ThreadPoolExecutor.java:1142)
	at java.util.concurrent.ThreadPoolExecutor$Worker.run(ThreadPoolExecutor.java:617)
	at java.lang.Thread.run(Thread.java:745)
]]>
    </error>
  </testcase> <!-- join_mysql_to_tpch -->
</testsuite> <!-- com.teradata.tempto.mysql -->
