<?xml version="1.0" encoding="UTF-8"?>
<!-- Generated by org.testng.reporters.JUnitReportReporter -->
<testsuite hostname="cwallin-ThinkPad-X230" name="com.facebook.presto.tests.SystemConnectorTests" tests="4" failures="0" timestamp="5 Feb 2016 16:25:31 GMT" time="1.515" errors="0">
  <testcase name="selectRuntimeTasks" time="0.466" classname="com.facebook.presto.tests.SystemConnectorTests"/>
  <testcase name="selectRuntimeNodes" time="0.315" classname="com.facebook.presto.tests.SystemConnectorTests"/>
  <testcase name="selectMetadataCatalogs" time="0.311" classname="com.facebook.presto.tests.SystemConnectorTests"/>
  <testcase name="selectRuntimeQueries" time="0.423" classname="com.facebook.presto.tests.SystemConnectorTests"/>
</testsuite> <!-- com.facebook.presto.tests.SystemConnectorTests -->
